2024-08-13 13:44:50,326 Starting Bokeh server version 3.5.1 (running on Tornado 6.4.1)
2024-08-13 13:44:50,327 Host wildcard '*' will allow connections originating from multiple (or possibly all) hostnames or IPs. Use non-wildcard values to restrict access explicitly
2024-08-13 13:44:50,328 User authentication hooks NOT provided (default user enabled)
2024-08-13 13:44:50,335 Bokeh app running at: http://0.0.0.0:5006/KONEPS-Dashboard
2024-08-13 13:44:50,335 Starting Bokeh server with process id: 13812
2024-08-13 14:45:20,065 Starting Bokeh server version 3.5.1 (running on Tornado 6.4.1)
2024-08-13 14:45:20,066 Cannot start Bokeh server, port 5006 is already in use
2024-08-13 14:52:58,717 404 GET /?vscodeBrowserReqId=1723560777953 (127.0.0.1) 0.54ms
2024-08-13 14:53:54,349 Starting Bokeh server version 3.5.1 (running on Tornado 6.4.1)
2024-08-13 14:53:54,350 Cannot start Bokeh server, port 5006 is already in use
2024-08-13 14:54:10,122 404 GET /?vscodeBrowserReqId=1723560850102 (127.0.0.1) 0.43ms
Received signal 15, shutting down
2024-08-13 14:56:31,852 Starting Bokeh server version 3.5.1 (running on Tornado 6.4.1)
2024-08-13 14:56:31,854 User authentication hooks NOT provided (default user enabled)
2024-08-13 14:56:31,861 Bokeh app running at: http://0.0.0.0:5006/KONEPS-Dashboard
2024-08-13 14:56:31,861 Starting Bokeh server with process id: 16298
2024-08-13 14:57:12,922 404 GET /?vscodeBrowserReqId=1723561032150 (127.0.0.1) 0.56ms
2024-08-13 14:57:47,138 Refusing websocket connection from Origin 'http://localhost:8000';                       use --allow-websocket-origin=localhost:8000 or set BOKEH_ALLOW_WS_ORIGIN=localhost:8000 to permit this; currently we allow origins {'3.107.84.179:8000'}
2024-08-13 14:57:47,139 403 GET /KONEPS-Dashboard/ws?vscodeBrowserReqId=1723561061652 (127.0.0.1) 0.64ms
Received signal 15, shutting down
2024-08-13 15:00:05,560 Starting Bokeh server version 3.5.1 (running on Tornado 6.4.1)
2024-08-13 15:00:05,562 User authentication hooks NOT provided (default user enabled)
2024-08-13 15:00:05,570 Bokeh app running at: http://0.0.0.0:5006/KONEPS-Dashboard
2024-08-13 15:00:05,570 Starting Bokeh server with process id: 16712
Received signal 15, shutting down
2024-08-13 15:04:38,831 Starting Bokeh server version 3.5.1 (running on Tornado 6.4.1)
2024-08-13 15:04:38,832 User authentication hooks NOT provided (default user enabled)
2024-08-13 15:04:38,835 Bokeh app running at: http://0.0.0.0:5006/KONEPS-Dashboard
2024-08-13 15:04:38,835 Starting Bokeh server with process id: 16924
2024-08-13 15:07:04,466 WebSocket connection opened
2024-08-13 15:07:04,466 ServerConnection created
2024-08-13 15:07:45,308 WebSocket connection closed: code=1001, reason=None
2024-08-13 15:07:45,982 WebSocket connection opened
2024-08-13 15:07:45,983 ServerConnection created
2024-08-13 15:11:05,802 WebSocket connection closed: code=1001, reason=None
2024-08-14 06:07:54,301 WebSocket connection opened
2024-08-14 06:07:55,248 ServerConnection created
2024-08-14 06:08:22,345 WebSocket connection closed: code=None, reason=None
2024-08-14 06:08:27,103 Failed sending message as connection was closed
2024-08-14 06:08:35,064 WebSocket connection opened
2024-08-14 06:08:35,171 ServerConnection created
2024-08-14 06:08:48,716 Failed sending message as connection was closed
2024-08-14 06:08:48,869 Failed sending message as connection was closed
2024-08-14 06:08:48,877 WebSocket connection closed: code=None, reason=None
2024-08-14 07:14:30,339 Starting Bokeh server version 3.5.1 (running on Tornado 6.4.1)
2024-08-14 07:14:30,342 User authentication hooks NOT provided (default user enabled)
2024-08-14 07:14:30,347 Bokeh app running at: http://0.0.0.0:5006/KONEPS-Dashboard
2024-08-14 07:14:30,348 Starting Bokeh server with process id: 1969
2024-08-14 07:16:17,545 WebSocket connection opened
2024-08-14 07:16:17,546 ServerConnection created
2024-08-14 07:18:11,856 WebSocket connection closed: code=1001, reason=None
2024-08-14 07:18:12,449 WebSocket connection opened
2024-08-14 07:18:12,449 ServerConnection created
2024-08-14 07:18:41,478 WebSocket connection closed: code=1001, reason=None
2024-08-14 07:18:41,940 WebSocket connection opened
2024-08-14 07:18:41,941 ServerConnection created
Received signal 15, shutting down
2024-08-14 07:33:14,176 Starting Bokeh server version 3.5.1 (running on Tornado 6.4.1)
2024-08-14 07:33:14,178 User authentication hooks NOT provided (default user enabled)
2024-08-14 07:33:14,184 Bokeh app running at: http://0.0.0.0:5006/KONEPS-Dashboard
2024-08-14 07:33:14,185 Starting Bokeh server with process id: 2614
Received signal 15, shutting down
2024-08-14 10:46:54,324 Starting Bokeh server version 3.5.1 (running on Tornado 6.4.1)
2024-08-14 10:46:54,326 Host wildcard '*' will allow connections originating from multiple (or possibly all) hostnames or IPs. Use non-wildcard values to restrict access explicitly
2024-08-14 10:46:54,327 User authentication hooks NOT provided (default user enabled)
2024-08-14 10:46:54,330 Bokeh app running at: http://0.0.0.0:5006/KONEPS-Dashboard
2024-08-14 10:46:54,330 Starting Bokeh server with process id: 3711
Received signal 15, shutting down
2024-08-14 10:48:33,361 Starting Bokeh server version 3.5.1 (running on Tornado 6.4.1)
2024-08-14 10:48:33,362 User authentication hooks NOT provided (default user enabled)
2024-08-14 10:48:33,365 Bokeh app running at: http://0.0.0.0:5006/KONEPS-Dashboard
2024-08-14 10:48:33,365 Starting Bokeh server with process id: 3715
2024-08-14 10:54:26,416 Error running application handler <bokeh.application.handlers.script.ScriptHandler object at 0x7318e5cd6e10>: cannot import name 'Figure' from 'bokeh.models' (/home/ubuntu/myenv/lib/python3.12/site-packages/bokeh/models/__init__.py)
File 'KONEPS-Dashboard.py', line 4, in <module>:
from bokeh.models import TextInput, Button, ColumnDataSource, Figure Traceback (most recent call last):
  File "/home/ubuntu/myenv/lib/python3.12/site-packages/bokeh/application/handlers/code_runner.py", line 229, in run
    exec(self._code, module.__dict__)
  File "/home/ubuntu/KONEPS-Dashboard/KONEPS-Dashboard.py", line 4, in <module>
    from bokeh.models import TextInput, Button, ColumnDataSource, Figure
ImportError: cannot import name 'Figure' from 'bokeh.models' (/home/ubuntu/myenv/lib/python3.12/site-packages/bokeh/models/__init__.py)
 
2024-08-14 10:54:29,326 WebSocket connection opened
2024-08-14 10:54:29,327 ServerConnection created
2024-08-14 10:54:59,011 WebSocket connection closed: code=1001, reason=None
2024-08-14 10:54:59,076 Error running application handler <bokeh.application.handlers.script.ScriptHandler object at 0x7318e5cd6e10>: cannot import name 'Figure' from 'bokeh.models' (/home/ubuntu/myenv/lib/python3.12/site-packages/bokeh/models/__init__.py)
File 'KONEPS-Dashboard.py', line 4, in <module>:
from bokeh.models import TextInput, Button, ColumnDataSource, Figure Traceback (most recent call last):
  File "/home/ubuntu/myenv/lib/python3.12/site-packages/bokeh/application/handlers/code_runner.py", line 229, in run
    exec(self._code, module.__dict__)
  File "/home/ubuntu/KONEPS-Dashboard/KONEPS-Dashboard.py", line 4, in <module>
    from bokeh.models import TextInput, Button, ColumnDataSource, Figure
ImportError: cannot import name 'Figure' from 'bokeh.models' (/home/ubuntu/myenv/lib/python3.12/site-packages/bokeh/models/__init__.py)
 
2024-08-14 10:54:59,726 WebSocket connection opened
2024-08-14 10:54:59,726 ServerConnection created
2024-08-14 10:55:52,509 WebSocket connection closed: code=1001, reason=None
2024-08-14 10:55:52,572 Error running application handler <bokeh.application.handlers.script.ScriptHandler object at 0x7318e5cd6e10>: cannot import name 'Figure' from 'bokeh.models' (/home/ubuntu/myenv/lib/python3.12/site-packages/bokeh/models/__init__.py)
File 'KONEPS-Dashboard.py', line 4, in <module>:
from bokeh.models import TextInput, Button, ColumnDataSource, Figure Traceback (most recent call last):
  File "/home/ubuntu/myenv/lib/python3.12/site-packages/bokeh/application/handlers/code_runner.py", line 229, in run
    exec(self._code, module.__dict__)
  File "/home/ubuntu/KONEPS-Dashboard/KONEPS-Dashboard.py", line 4, in <module>
    from bokeh.models import TextInput, Button, ColumnDataSource, Figure
ImportError: cannot import name 'Figure' from 'bokeh.models' (/home/ubuntu/myenv/lib/python3.12/site-packages/bokeh/models/__init__.py)
 
2024-08-14 10:55:53,077 WebSocket connection opened
2024-08-14 10:55:53,078 ServerConnection created
2024-08-14 10:56:00,831 WebSocket connection closed: code=1001, reason=None
2024-08-14 10:56:03,437 Error running application handler <bokeh.application.handlers.script.ScriptHandler object at 0x7318e5cd6e10>: cannot import name 'Figure' from 'bokeh.models' (/home/ubuntu/myenv/lib/python3.12/site-packages/bokeh/models/__init__.py)
File 'KONEPS-Dashboard.py', line 4, in <module>:
from bokeh.models import TextInput, Button, ColumnDataSource, Figure Traceback (most recent call last):
  File "/home/ubuntu/myenv/lib/python3.12/site-packages/bokeh/application/handlers/code_runner.py", line 229, in run
    exec(self._code, module.__dict__)
  File "/home/ubuntu/KONEPS-Dashboard/KONEPS-Dashboard.py", line 4, in <module>
    from bokeh.models import TextInput, Button, ColumnDataSource, Figure
ImportError: cannot import name 'Figure' from 'bokeh.models' (/home/ubuntu/myenv/lib/python3.12/site-packages/bokeh/models/__init__.py)
 
2024-08-14 10:56:03,814 WebSocket connection opened
2024-08-14 10:56:03,814 ServerConnection created
Received signal 15, shutting down
2024-08-14 10:56:48,224 Starting Bokeh server version 3.5.1 (running on Tornado 6.4.1)
2024-08-14 10:56:48,225 User authentication hooks NOT provided (default user enabled)
2024-08-14 10:56:48,228 Bokeh app running at: http://0.0.0.0:5006/KONEPS-Dashboard
2024-08-14 10:56:48,228 Starting Bokeh server with process id: 3803
2024-08-14 10:56:58,310 Error running application handler <bokeh.application.handlers.script.ScriptHandler object at 0x7f0b3b8d7d70>: cannot import name 'Figure' from 'bokeh.models' (/home/ubuntu/myenv/lib/python3.12/site-packages/bokeh/models/__init__.py)
File 'KONEPS-Dashboard.py', line 4, in <module>:
from bokeh.models import TextInput, Button, ColumnDataSource, Figure Traceback (most recent call last):
  File "/home/ubuntu/myenv/lib/python3.12/site-packages/bokeh/application/handlers/code_runner.py", line 229, in run
    exec(self._code, module.__dict__)
  File "/home/ubuntu/KONEPS-Dashboard/KONEPS-Dashboard.py", line 4, in <module>
    from bokeh.models import TextInput, Button, ColumnDataSource, Figure
ImportError: cannot import name 'Figure' from 'bokeh.models' (/home/ubuntu/myenv/lib/python3.12/site-packages/bokeh/models/__init__.py)
 
2024-08-14 10:56:58,789 WebSocket connection opened
2024-08-14 10:56:58,790 ServerConnection created
[2024-08-14 10:57:59 +0000] [3816] [INFO] Starting gunicorn 23.0.0
[2024-08-14 10:57:59 +0000] [3816] [INFO] Listening at: http://0.0.0.0:8000 (3816)
[2024-08-14 10:57:59 +0000] [3816] [INFO] Using worker: sync
[2024-08-14 10:57:59 +0000] [3817] [INFO] Booting worker with pid: 3817
2024-08-14 10:58:05,072 WebSocket connection closed: code=1001, reason=None
2024-08-14 10:58:05,123 Error running application handler <bokeh.application.handlers.script.ScriptHandler object at 0x7f0b3b8d7d70>: cannot import name 'Figure' from 'bokeh.models' (/home/ubuntu/myenv/lib/python3.12/site-packages/bokeh/models/__init__.py)
File 'KONEPS-Dashboard.py', line 4, in <module>:
from bokeh.models import TextInput, Button, ColumnDataSource, Figure Traceback (most recent call last):
  File "/home/ubuntu/myenv/lib/python3.12/site-packages/bokeh/application/handlers/code_runner.py", line 229, in run
    exec(self._code, module.__dict__)
  File "/home/ubuntu/KONEPS-Dashboard/KONEPS-Dashboard.py", line 4, in <module>
    from bokeh.models import TextInput, Button, ColumnDataSource, Figure
ImportError: cannot import name 'Figure' from 'bokeh.models' (/home/ubuntu/myenv/lib/python3.12/site-packages/bokeh/models/__init__.py)
 
2024-08-14 10:58:05,582 WebSocket connection opened
2024-08-14 10:58:05,582 ServerConnection created
Received signal 15, shutting down
[2024-08-14 11:01:41 +0000] [3816] [INFO] Handling signal: term
[2024-08-14 11:01:41 +0000] [3817] [INFO] Worker exiting (pid: 3817)
[2024-08-14 11:01:41 +0000] [3816] [INFO] Shutting down: Master
[2024-08-14 11:12:53 +0000] [3912] [INFO] Starting gunicorn 23.0.0
[2024-08-14 11:12:53 +0000] [3912] [INFO] Listening at: http://0.0.0.0:8000 (3912)
[2024-08-14 11:12:53 +0000] [3912] [INFO] Using worker: sync
[2024-08-14 11:12:53 +0000] [3913] [INFO] Booting worker with pid: 3913
2024-08-14 11:12:54,447 Starting Bokeh server version 3.5.1 (running on Tornado 6.4.1)
2024-08-14 11:12:54,448 User authentication hooks NOT provided (default user enabled)
2024-08-14 11:12:54,451 Bokeh app running at: http://0.0.0.0:5006/KONEPS-Dashboard
2024-08-14 11:12:54,451 Starting Bokeh server with process id: 3911
Received signal 15, shutting down
[2024-08-14 11:16:06 +0000] [3912] [INFO] Handling signal: term
[2024-08-14 11:16:06 +0000] [3913] [INFO] Worker exiting (pid: 3913)
[2024-08-14 11:16:07 +0000] [3912] [INFO] Shutting down: Master
[2024-08-14 11:16:07 +0000] [3957] [INFO] Starting gunicorn 23.0.0
[2024-08-14 11:16:07 +0000] [3957] [INFO] Listening at: http://0.0.0.0:8000 (3957)
[2024-08-14 11:16:07 +0000] [3957] [INFO] Using worker: sync
[2024-08-14 11:16:07 +0000] [3958] [INFO] Booting worker with pid: 3958
2024-08-14 11:16:09,254 Starting Bokeh server version 3.5.1 (running on Tornado 6.4.1)
2024-08-14 11:16:09,255 User authentication hooks NOT provided (default user enabled)
2024-08-14 11:16:09,258 Bokeh app running at: http://0.0.0.0:5006/KONEPS-Dashboard
2024-08-14 11:16:09,258 Starting Bokeh server with process id: 3956
Received signal 15, shutting down
[2024-08-14 11:17:21 +0000] [3957] [INFO] Handling signal: term
[2024-08-14 11:17:21 +0000] [3958] [INFO] Worker exiting (pid: 3958)
[2024-08-14 11:17:22 +0000] [3957] [INFO] Shutting down: Master
[2024-08-14 11:17:22 +0000] [4005] [INFO] Starting gunicorn 23.0.0
[2024-08-14 11:17:22 +0000] [4005] [INFO] Listening at: http://0.0.0.0:8000 (4005)
[2024-08-14 11:17:22 +0000] [4005] [INFO] Using worker: sync
[2024-08-14 11:17:22 +0000] [4006] [INFO] Booting worker with pid: 4006
2024-08-14 11:17:24,195 Starting Bokeh server version 3.5.1 (running on Tornado 6.4.1)
2024-08-14 11:17:24,197 User authentication hooks NOT provided (default user enabled)
2024-08-14 11:17:24,200 Bokeh app running at: http://0.0.0.0:5006/KONEPS-Dashboard
2024-08-14 11:17:24,200 Starting Bokeh server with process id: 4004
Received signal 15, shutting down
[2024-08-14 11:17:50 +0000] [4005] [INFO] Handling signal: term
[2024-08-14 11:17:50 +0000] [4006] [INFO] Worker exiting (pid: 4006)
[2024-08-14 11:17:50 +0000] [4005] [INFO] Shutting down: Master
